# JRE version: OpenJDK Runtime Environment Temurin-17.0.6+10 (17.0.6+10) (build 17.0.6+10)
# Java VM: OpenJDK 64-Bit Server VM Temurin-17.0.6+10 (17.0.6+10, mixed mode, tiered, compressed oops, compressed class ptrs, parallel gc, bsd-aarch64)
GC Precious Log:
 CPUs: 8 total, 8 available
 Memory: 16384M
 Large Page Support: Disabled
 NUMA Support: Disabled
 Compressed Oops: Enabled (Zero based)
 Alignments: Space 512K, Generation 512K, Heap 8M
 Heap Min Capacity: 104M
 Heap Initial Capacity: 104M
 Heap Max Capacity: 1G
 Pre-touch: Disabled
 Parallel Workers: 8
Heap:
 PSYoungGen      total 6144K, used 582K [0x00000007eab00000, 0x00000007eb500000, 0x0000000800000000)
  eden space 5120K, 0% used [0x00000007eab00000,0x00000007eab00000,0x00000007eb000000)
  from space 1024K, 56% used [0x00000007eb400000,0x00000007eb491bd0,0x00000007eb500000)
  to   space 2048K, 0% used [0x00000007eb100000,0x00000007eb100000,0x00000007eb300000)
 ParOldGen       total 99328K, used 95951K [0x00000007c0000000, 0x00000007c6100000, 0x00000007eab00000)
  object space 99328K, 96% used [0x00000007c0000000,0x00000007c5db3e30,0x00000007c6100000)
 Metaspace       used 77053K, committed 77952K, reserved 1122304K
  class space    used 7858K, committed 8256K, reserved 1048576K
GC Heap History (20 events):
Event: 182.952 GC heap after
{Heap after GC invocations=1074 (full 50):
 PSYoungGen      total 7680K, used 900K [0x00000007eab00000, 0x00000007eb500000, 0x0000000800000000)
  eden space 5120K, 0% used [0x00000007eab00000,0x00000007eab00000,0x00000007eb000000)
  from space 2560K, 35% used [0x00000007eb100000,0x00000007eb1e1208,0x00000007eb380000)
  to   space 1536K, 0% used [0x00000007eb380000,0x00000007eb380000,0x00000007eb500000)
 ParOldGen       total 101888K, used 101113K [0x00000007c0000000, 0x00000007c6380000, 0x00000007eab00000)
  object space 101888K, 99% used [0x00000007c0000000,0x00000007c62be558,0x00000007c6380000)
 Metaspace       used 77024K, committed 77888K, reserved 1122304K
  class space    used 7858K, committed 8256K, reserved 1048576K
}
Event: 182.952 GC heap before
{Heap before GC invocations=1075 (full 51):
 PSYoungGen      total 7680K, used 900K [0x00000007eab00000, 0x00000007eb500000, 0x0000000800000000)
  eden space 5120K, 0% used [0x00000007eab00000,0x00000007eab00000,0x00000007eb000000)
  from space 2560K, 35% used [0x00000007eb100000,0x00000007eb1e1208,0x00000007eb380000)
  to   space 1536K, 0% used [0x00000007eb380000,0x00000007eb380000,0x00000007eb500000)
 ParOldGen       total 101888K, used 101113K [0x00000007c0000000, 0x00000007c6380000, 0x00000007eab00000)
  object space 101888K, 99% used [0x00000007c0000000,0x00000007c62be558,0x00000007c6380000)
 Metaspace       used 77024K, committed 77888K, reserved 1122304K
  class space    used 7858K, committed 8256K, reserved 1048576K
}
Event: 183.012 GC heap after
{Heap after GC invocations=1075 (full 51):
 PSYoungGen      total 5632K, used 0K [0x00000007eab00000, 0x00000007eb400000, 0x0000000800000000)
  eden space 5120K, 0% used [0x00000007eab00000,0x00000007eab00000,0x00000007eb000000)
  from space 512K, 0% used [0x00000007eb380000,0x00000007eb380000,0x00000007eb400000)
  to   space 1536K, 0% used [0x00000007eb100000,0x00000007eb100000,0x00000007eb280000)
 ParOldGen       total 99328K, used 78113K [0x00000007c0000000, 0x00000007c6100000, 0x00000007eab00000)
  object space 99328K, 78% used [0x00000007c0000000,0x00000007c4c48750,0x00000007c6100000)
 Metaspace       used 77024K, committed 77888K, reserved 1122304K
  class space    used 7858K, committed 8256K, reserved 1048576K
}
Event: 183.019 GC heap before
{Heap before GC invocations=1076 (full 51):
 PSYoungGen      total 5632K, used 5120K [0x00000007eab00000, 0x00000007eb400000, 0x0000000800000000)
  eden space 5120K, 100% used [0x00000007eab00000,0x00000007eb000000,0x00000007eb000000)
  from space 512K, 0% used [0x00000007eb380000,0x00000007eb380000,0x00000007eb400000)
  to   space 1536K, 0% used [0x00000007eb100000,0x00000007eb100000,0x00000007eb280000)
 ParOldGen       total 99328K, used 78113K [0x00000007c0000000, 0x00000007c6100000, 0x00000007eab00000)
  object space 99328K, 78% used [0x00000007c0000000,0x00000007c4c48750,0x00000007c6100000)
 Metaspace       used 77035K, committed 77952K, reserved 1122304K
  class space    used 7858K, committed 8256K, reserved 1048576K
}
Event: 183.020 GC heap after
{Heap after GC invocations=1076 (full 51):
 PSYoungGen      total 6656K, used 1514K [0x00000007eab00000, 0x00000007eb900000, 0x0000000800000000)
  eden space 5120K, 0% used [0x00000007eab00000,0x00000007eab00000,0x00000007eb000000)
  from space 1536K, 98% used [0x00000007eb100000,0x00000007eb27a9a0,0x00000007eb280000)
  to   space 4608K, 0% used [0x00000007eb480000,0x00000007eb480000,0x00000007eb900000)
 ParOldGen       total 99328K, used 80385K [0x00000007c0000000, 0x00000007c6100000, 0x00000007eab00000)
  object space 99328K, 80% used [0x00000007c0000000,0x00000007c4e80750,0x00000007c6100000)
 Metaspace       used 77035K, committed 77952K, reserved 1122304K
  class space    used 7858K, committed 8256K, reserved 1048576K
}
Event: 183.038 GC heap before
{Heap before GC invocations=1077 (full 51):
 PSYoungGen      total 6656K, used 6634K [0x00000007eab00000, 0x00000007eb900000, 0x0000000800000000)
  eden space 5120K, 100% used [0x00000007eab00000,0x00000007eb000000,0x00000007eb000000)
  from space 1536K, 98% used [0x00000007eb100000,0x00000007eb27a9a0,0x00000007eb280000)
  to   space 4608K, 0% used [0x00000007eb480000,0x00000007eb480000,0x00000007eb900000)
 ParOldGen       total 99328K, used 80385K [0x00000007c0000000, 0x00000007c6100000, 0x00000007eab00000)
  object space 99328K, 80% used [0x00000007c0000000,0x00000007c4e80750,0x00000007c6100000)
 Metaspace       used 77043K, committed 77952K, reserved 1122304K
  class space    used 7858K, committed 8256K, reserved 1048576K
}
Event: 183.038 GC heap after
{Heap after GC invocations=1077 (full 51):
 PSYoungGen      total 5632K, used 499K [0x00000007eab00000, 0x00000007eb500000, 0x0000000800000000)
  eden space 5120K, 0% used [0x00000007eab00000,0x00000007eab00000,0x00000007eb000000)
  from space 512K, 97% used [0x00000007eb480000,0x00000007eb4fcde8,0x00000007eb500000)
  to   space 2048K, 0% used [0x00000007eb100000,0x00000007eb100000,0x00000007eb300000)
 ParOldGen       total 99328K, used 81913K [0x00000007c0000000, 0x00000007c6100000, 0x00000007eab00000)
  object space 99328K, 82% used [0x00000007c0000000,0x00000007c4ffe570,0x00000007c6100000)
 Metaspace       used 77043K, committed 77952K, reserved 1122304K
  class space    used 7858K, committed 8256K, reserved 1048576K
}
Event: 183.099 GC heap before
{Heap before GC invocations=1078 (full 51):
 PSYoungGen      total 5632K, used 5619K [0x00000007eab00000, 0x00000007eb500000, 0x0000000800000000)
  eden space 5120K, 99% used [0x00000007eab00000,0x00000007eafffff8,0x00000007eb000000)
  from space 512K, 97% used [0x00000007eb480000,0x00000007eb4fcde8,0x00000007eb500000)
  to   space 2048K, 0% used [0x00000007eb100000,0x00000007eb100000,0x00000007eb300000)
 ParOldGen       total 99328K, used 81913K [0x00000007c0000000, 0x00000007c6100000, 0x00000007eab00000)
  object space 99328K, 82% used [0x00000007c0000000,0x00000007c4ffe570,0x00000007c6100000)
 Metaspace       used 77043K, committed 77952K, reserved 1122304K
  class space    used 7858K, committed 8256K, reserved 1048576K
}
Event: 183.100 GC heap after
{Heap after GC invocations=1078 (full 51):
 PSYoungGen      total 7168K, used 1267K [0x00000007eab00000, 0x00000007eb500000, 0x0000000800000000)
  eden space 5120K, 0% used [0x00000007eab00000,0x00000007eab00000,0x00000007eb000000)
  from space 2048K, 61% used [0x00000007eb100000,0x00000007eb23cde8,0x00000007eb300000)
  to   space 1536K, 0% used [0x00000007eb380000,0x00000007eb380000,0x00000007eb500000)
 ParOldGen       total 99328K, used 82289K [0x00000007c0000000, 0x00000007c6100000, 0x00000007eab00000)
  object space 99328K, 82% used [0x00000007c0000000,0x00000007c505c7f8,0x00000007c6100000)
 Metaspace       used 77043K, committed 77952K, reserved 1122304K
  class space    used 7858K, committed 8256K, reserved 1048576K
}
Event: 183.717 GC heap before
{Heap before GC invocations=1079 (full 51):
 PSYoungGen      total 7168K, used 6317K [0x00000007eab00000, 0x00000007eb500000, 0x0000000800000000)
  eden space 5120K, 98% used [0x00000007eab00000,0x00000007eafee6e8,0x00000007eb000000)
  from space 2048K, 61% used [0x00000007eb100000,0x00000007eb23cde8,0x00000007eb300000)
  to   space 1536K, 0% used [0x00000007eb380000,0x00000007eb380000,0x00000007eb500000)
 ParOldGen       total 99328K, used 82289K [0x00000007c0000000, 0x00000007c6100000, 0x00000007eab00000)
  object space 99328K, 82% used [0x00000007c0000000,0x00000007c505c7f8,0x00000007c6100000)
 Metaspace       used 77045K, committed 77952K, reserved 1122304K
  class space    used 7858K, committed 8256K, reserved 1048576K
}
Event: 183.718 GC heap after
{Heap after GC invocations=1079 (full 51):
 PSYoungGen      total 6144K, used 675K [0x00000007eab00000, 0x00000007eb480000, 0x0000000800000000)
  eden space 5120K, 0% used [0x00000007eab00000,0x00000007eab00000,0x00000007eb000000)
  from space 1024K, 65% used [0x00000007eb380000,0x00000007eb428d48,0x00000007eb480000)
  to   space 1024K, 0% used [0x00000007eb280000,0x00000007eb280000,0x00000007eb380000)
 ParOldGen       total 99328K, used 83475K [0x00000007c0000000, 0x00000007c6100000, 0x00000007eab00000)
  object space 99328K, 84% used [0x00000007c0000000,0x00000007c5184d38,0x00000007c6100000)
 Metaspace       used 77045K, committed 77952K, reserved 1122304K
  class space    used 7858K, committed 8256K, reserved 1048576K
}
Event: 183.726 GC heap before
{Heap before GC invocations=1080 (full 51):
 PSYoungGen      total 6144K, used 5795K [0x00000007eab00000, 0x00000007eb480000, 0x0000000800000000)
  eden space 5120K, 100% used [0x00000007eab00000,0x00000007eb000000,0x00000007eb000000)
  from space 1024K, 65% used [0x00000007eb380000,0x00000007eb428d48,0x00000007eb480000)
  to   space 1024K, 0% used [0x00000007eb280000,0x00000007eb280000,0x00000007eb380000)
 ParOldGen       total 99328K, used 83475K [0x00000007c0000000, 0x00000007c6100000, 0x00000007eab00000)
  object space 99328K, 84% used [0x00000007c0000000,0x00000007c5184d38,0x00000007c6100000)
 Metaspace       used 77048K, committed 77952K, reserved 1122304K
  class space    used 7858K, committed 8256K, reserved 1048576K
}
Event: 183.729 GC heap after
{Heap after GC invocations=1080 (full 51):
 PSYoungGen      total 6144K, used 995K [0x00000007eab00000, 0x00000007ebb00000, 0x0000000800000000)
  eden space 5120K, 0% used [0x00000007eab00000,0x00000007eab00000,0x00000007eb000000)
  from space 1024K, 97% used [0x00000007eb280000,0x00000007eb378d48,0x00000007eb380000)
  to   space 5632K, 0% used [0x00000007eb580000,0x00000007eb580000,0x00000007ebb00000)
 ParOldGen       total 99328K, used 87308K [0x00000007c0000000, 0x00000007c6100000, 0x00000007eab00000)
  object space 99328K, 87% used [0x00000007c0000000,0x00000007c5543220,0x00000007c6100000)
 Metaspace       used 77048K, committed 77952K, reserved 1122304K
  class space    used 7858K, committed 8256K, reserved 1048576K
}
Event: 183.756 GC heap before
{Heap before GC invocations=1081 (full 51):
 PSYoungGen      total 6144K, used 6115K [0x00000007eab00000, 0x00000007ebb00000, 0x0000000800000000)
  eden space 5120K, 100% used [0x00000007eab00000,0x00000007eb000000,0x00000007eb000000)
  from space 1024K, 97% used [0x00000007eb280000,0x00000007eb378d48,0x00000007eb380000)
  to   space 5632K, 0% used [0x00000007eb580000,0x00000007eb580000,0x00000007ebb00000)
 ParOldGen       total 99328K, used 87308K [0x00000007c0000000, 0x00000007c6100000, 0x00000007eab00000)
  object space 99328K, 87% used [0x00000007c0000000,0x00000007c5543220,0x00000007c6100000)
 Metaspace       used 77048K, committed 77952K, reserved 1122304K
  class space    used 7858K, committed 8256K, reserved 1048576K
}
Event: 183.758 GC heap after
{Heap after GC invocations=1081 (full 51):
 PSYoungGen      total 9728K, used 4562K [0x00000007eab00000, 0x00000007eba00000, 0x0000000800000000)
  eden space 5120K, 0% used [0x00000007eab00000,0x00000007eab00000,0x00000007eb000000)
  from space 4608K, 99% used [0x00000007eb580000,0x00000007eb9f49a0,0x00000007eba00000)
  to   space 5120K, 0% used [0x00000007eb000000,0x00000007eb000000,0x00000007eb500000)
 ParOldGen       total 99328K, used 88337K [0x00000007c0000000, 0x00000007c6100000, 0x00000007eab00000)
  object space 99328K, 88% used [0x00000007c0000000,0x00000007c5644668,0x00000007c6100000)
 Metaspace       used 77048K, committed 77952K, reserved 1122304K
  class space    used 7858K, committed 8256K, reserved 1048576K
}
Event: 183.821 GC heap before
{Heap before GC invocations=1082 (full 51):
 PSYoungGen      total 9728K, used 9682K [0x00000007eab00000, 0x00000007eba00000, 0x0000000800000000)
  eden space 5120K, 100% used [0x00000007eab00000,0x00000007eb000000,0x00000007eb000000)
  from space 4608K, 99% used [0x00000007eb580000,0x00000007eb9f49a0,0x00000007eba00000)
  to   space 5120K, 0% used [0x00000007eb000000,0x00000007eb000000,0x00000007eb500000)
 ParOldGen       total 99328K, used 88337K [0x00000007c0000000, 0x00000007c6100000, 0x00000007eab00000)
  object space 99328K, 88% used [0x00000007c0000000,0x00000007c5644668,0x00000007c6100000)
 Metaspace       used 77050K, committed 77952K, reserved 1122304K
  class space    used 7858K, committed 8256K, reserved 1048576K
}
Event: 183.824 GC heap after
{Heap after GC invocations=1082 (full 51):
 PSYoungGen      total 8704K, used 3264K [0x00000007eab00000, 0x00000007eb800000, 0x0000000800000000)
  eden space 5120K, 0% used [0x00000007eab00000,0x00000007eab00000,0x00000007eb000000)
  from space 3584K, 91% used [0x00000007eb000000,0x00000007eb330010,0x00000007eb380000)
  to   space 4096K, 0% used [0x00000007eb400000,0x00000007eb400000,0x00000007eb800000)
 ParOldGen       total 99328K, used 92812K [0x00000007c0000000, 0x00000007c6100000, 0x00000007eab00000)
  object space 99328K, 93% used [0x00000007c0000000,0x00000007c5aa3008,0x00000007c6100000)
 Metaspace       used 77050K, committed 77952K, reserved 1122304K
  class space    used 7858K, committed 8256K, reserved 1048576K
}
Event: 184.816 GC heap before
{Heap before GC invocations=1083 (full 51):
 PSYoungGen      total 8704K, used 8384K [0x00000007eab00000, 0x00000007eb800000, 0x0000000800000000)
  eden space 5120K, 100% used [0x00000007eab00000,0x00000007eb000000,0x00000007eb000000)
  from space 3584K, 91% used [0x00000007eb000000,0x00000007eb330010,0x00000007eb380000)
  to   space 4096K, 0% used [0x00000007eb400000,0x00000007eb400000,0x00000007eb800000)
 ParOldGen       total 99328K, used 92812K [0x00000007c0000000, 0x00000007c6100000, 0x00000007eab00000)
  object space 99328K, 93% used [0x00000007c0000000,0x00000007c5aa3008,0x00000007c6100000)
 Metaspace       used 77053K, committed 77952K, reserved 1122304K
  class space    used 7858K, committed 8256K, reserved 1048576K
}
Event: 184.819 GC heap after
{Heap after GC invocations=1083 (full 51):
 PSYoungGen      total 6144K, used 582K [0x00000007eab00000, 0x00000007eb500000, 0x0000000800000000)
  eden space 5120K, 0% used [0x00000007eab00000,0x00000007eab00000,0x00000007eb000000)
  from space 1024K, 56% used [0x00000007eb400000,0x00000007eb491bd0,0x00000007eb500000)
  to   space 2048K, 0% used [0x00000007eb100000,0x00000007eb100000,0x00000007eb300000)
 ParOldGen       total 99328K, used 95951K [0x00000007c0000000, 0x00000007c6100000, 0x00000007eab00000)
  object space 99328K, 96% used [0x00000007c0000000,0x00000007c5db3e30,0x00000007c6100000)
 Metaspace       used 77053K, committed 77952K, reserved 1122304K
  class space    used 7858K, committed 8256K, reserved 1048576K
}
Event: 184.819 GC heap before
{Heap before GC invocations=1084 (full 52):
 PSYoungGen      total 6144K, used 582K [0x00000007eab00000, 0x00000007eb500000, 0x0000000800000000)
  eden space 5120K, 0% used [0x00000007eab00000,0x00000007eab00000,0x00000007eb000000)
  from space 1024K, 56% used [0x00000007eb400000,0x00000007eb491bd0,0x00000007eb500000)
  to   space 2048K, 0% used [0x00000007eb100000,0x00000007eb100000,0x00000007eb300000)
 ParOldGen       total 99328K, used 95951K [0x00000007c0000000, 0x00000007c6100000, 0x00000007eab00000)
  object space 99328K, 96% used [0x00000007c0000000,0x00000007c5db3e30,0x00000007c6100000)
 Metaspace       used 77053K, committed 77952K, reserved 1122304K
  class space    used 7858K, committed 8256K, reserved 1048576K
}

